已經開始建置於 2016/07/06 上午 01:51:33。
     1>節點 2 (Build 目標) 上的專案 "D:\project\AR\webcam_Augmented_Reality\webcam\VC\first\ConsoleApplication1\ConsoleApplication1\ConsoleApplication1.vcxproj"。
     1>ClCompile:
         C:\Program Files (x86)\Microsoft Visual Studio 12.0\VC\bin\CL.exe /c /IC:\opencv\build\include\opencv2 /IC:\opencv\build\include\opencv /IC:\opencv\build\include /AI"C:\Program Files (x86)\Reference Assemblies\Microsoft\Framework\.NETFramework\v4.5\\" /AI"C:\Program Files (x86)\Windows Kits\8.1\References\CommonConfiguration\Neutral" /AI"C:\Program Files (x86)\Reference Assemblies\Microsoft\Framework\.NETFramework\v4.5\Facades\\" /Zi /clr /nologo /W3 /WX- /Od /Oy- /D WIN32 /D _DEBUG /D _UNICODE /D UNICODE /EHa /MDd /GS /fp:precise /Zc:wchar_t /Zc:forScope /Yu"stdafx.h" /Fp"Debug\ConsoleApplication1.pch" /Fo"Debug\\" /Fd"Debug\vc120.pdb" /TP /FU"C:\Program Files (x86)\Reference Assemblies\Microsoft\Framework\.NETFramework\v4.5\mscorlib.dll" /FU"C:\Program Files (x86)\Reference Assemblies\Microsoft\Framework\.NETFramework\v4.5\System.Data.dll" /FU"C:\Program Files (x86)\Reference Assemblies\Microsoft\Framework\.NETFramework\v4.5\System.dll" /FU"C:\Program Files (x86)\Reference Assemblies\Microsoft\Framework\.NETFramework\v4.5\System.Drawing.dll" /FU"C:\Program Files (x86)\Reference Assemblies\Microsoft\Framework\.NETFramework\v4.5\System.Windows.Forms.dll" /FU"C:\Program Files (x86)\Reference Assemblies\Microsoft\Framework\.NETFramework\v4.5\System.Xml.dll" /analyze- /errorReport:prompt /clr:nostdlib ConsoleApplication1.cpp MyForm.cpp
         ConsoleApplication1.cpp
     1>d:\project\ar\webcam_augmented_reality\webcam\vc\first\consoleapplication1\consoleapplication1\../user/core.h(68): warning C4996: 'fopen': This function or variable may be unsafe. Consider using fopen_s instead. To disable deprecation, use _CRT_SECURE_NO_WARNINGS. See online help for details.
                 C:\Program Files (x86)\Microsoft Visual Studio 12.0\VC\include\stdio.h(211) : 請參閱 'fopen' 的宣告
     1>d:\project\ar\webcam_augmented_reality\webcam\vc\first\consoleapplication1\consoleapplication1\../user/core.h(298): warning C4244: '引數' : 將 'double' 轉換為 'float'，由於類型不同，可能導致資料遺失
         MyForm.cpp
     1>d:\project\ar\webcam_augmented_reality\webcam\vc\first\consoleapplication1\consoleapplication1\../user/core.h(68): warning C4996: 'fopen': This function or variable may be unsafe. Consider using fopen_s instead. To disable deprecation, use _CRT_SECURE_NO_WARNINGS. See online help for details.
                 C:\Program Files (x86)\Microsoft Visual Studio 12.0\VC\include\stdio.h(211) : 請參閱 'fopen' 的宣告
     1>d:\project\ar\webcam_augmented_reality\webcam\vc\first\consoleapplication1\consoleapplication1\../user/core.h(298): warning C4244: '引數' : 將 'double' 轉換為 'float'，由於類型不同，可能導致資料遺失
         正在產生程式碼...
       Link:
         C:\Program Files (x86)\Microsoft Visual Studio 12.0\VC\bin\link.exe /ERRORREPORT:PROMPT /OUT:"D:\project\AR\webcam_Augmented_Reality\webcam\VC\first\ConsoleApplication1\Debug\ConsoleApplication1.exe" /INCREMENTAL /NOLOGO opencv_calib3d2412d.lib opencv_contrib2412d.lib opencv_core2412d.lib opencv_features2d2412d.lib opencv_flann2412d.lib opencv_gpu2412d.lib opencv_highgui2412d.lib opencv_imgproc2412d.lib opencv_legacy2412d.lib opencv_ml2412d.lib opencv_nonfree2412d.lib opencv_objdetect2412d.lib opencv_ocl2412d.lib opencv_photo2412d.lib opencv_stitching2412d.lib opencv_superres2412d.lib opencv_ts2412d.lib opencv_video2412d.lib opencv_videostab2412d.lib kernel32.lib user32.lib gdi32.lib winspool.lib comdlg32.lib advapi32.lib shell32.lib ole32.lib oleaut32.lib uuid.lib odbc32.lib odbccp32.lib /ASSEMBLYRESOURCE:Debug\ConsoleApplication1.MyForm.resources /ASSEMBLYRESOURCE:Debug\ConsoleApplication1.MyForm1.resources /MANIFEST /MANIFESTUAC:"level='asInvoker' uiAccess='false'" /manifest:embed /DEBUG /PDB:"D:\project\AR\webcam_Augmented_Reality\webcam\VC\first\ConsoleApplication1\Debug\ConsoleApplication1.pdb" /ASSEMBLYDEBUG /SUBSYSTEM:WINDOWS /TLBID:1 /ENTRY:"main" /DYNAMICBASE /FIXED:NO /NXCOMPAT /MACHINE:X86 Debug\app.res
         Debug\AssemblyInfo.obj
         Debug\ConsoleApplication1.obj
         Debug\MyForm.obj
         Debug\MyForm1.obj
         Debug\stdafx.obj
         "Debug\.NETFramework,Version=v4.5.AssemblyAttributes.obj"
     1>opencv_ts2412d.lib(opencv_ts_pch.obj) : warning LNK4099: 找不到 PDB 'opencv_ts2412d.pdb' (有 'opencv_ts2412d.lib(opencv_ts_pch.obj)' 或位於 'D:\project\AR\webcam_Augmented_Reality\webcam\VC\first\ConsoleApplication1\Debug\opencv_ts2412d.pdb')，當做沒有偵錯資訊，連結物件
         ConsoleApplication1.vcxproj -> D:\project\AR\webcam_Augmented_Reality\webcam\VC\first\ConsoleApplication1\Debug\ConsoleApplication1.exe
     1>專案 "D:\project\AR\webcam_Augmented_Reality\webcam\VC\first\ConsoleApplication1\ConsoleApplication1\ConsoleApplication1.vcxproj" (Build 目標) 建置完成。

建置成功。

經過時間 00:00:03.57
